# JRE version: Java(TM) SE Runtime Environment (8.0_51-b16) (build 1.8.0_51-b16)
# Java VM: Java HotSpot(TM) 64-Bit Server VM (25.51-b03 mixed mode linux-amd64 compressed oops)
Heap:
 PSYoungGen      total 233984K, used 18411K [0x00000000eab00000, 0x00000000fb080000, 0x0000000100000000)
  eden space 215552K, 0% used [0x00000000eab00000,0x00000000eab00000,0x00000000f7d80000)
  from space 18432K, 99% used [0x00000000f7d80000,0x00000000f8f7aef0,0x00000000f8f80000)
  to   space 13824K, 0% used [0x00000000f8f80000,0x00000000f8f80000,0x00000000f9d00000)
 ParOldGen       total 50688K, used 46059K [0x00000000c0000000, 0x00000000c3180000, 0x00000000eab00000)
  object space 50688K, 90% used [0x00000000c0000000,0x00000000c2cfacc0,0x00000000c3180000)
 Metaspace       used 7314K, capacity 7582K, committed 7808K, reserved 1056768K
  class space    used 747K, capacity 785K, committed 896K, reserved 1048576K
GC Heap History (10 events):
Event: 1.796 GC heap after
Heap after GC invocations=5 (full 0):
 PSYoungGen      total 64000K, used 2551K [0x00000000eab00000, 0x00000000f3900000, 0x0000000100000000)
  eden space 61440K, 0% used [0x00000000eab00000,0x00000000eab00000,0x00000000ee700000)
  from space 2560K, 99% used [0x00000000ee700000,0x00000000ee97dcd0,0x00000000ee980000)
  to   space 11264K, 0% used [0x00000000f2e00000,0x00000000f2e00000,0x00000000f3900000)
 ParOldGen       total 40960K, used 20939K [0x00000000c0000000, 0x00000000c2800000, 0x00000000eab00000)
  object space 40960K, 51% used [0x00000000c0000000,0x00000000c1472d88,0x00000000c2800000)
 Metaspace       used 7199K, capacity 7544K, committed 7680K, reserved 1056768K
  class space    used 738K, capacity 752K, committed 768K, reserved 1048576K
}
Event: 2.005 GC heap before
{Heap before GC invocations=6 (full 0):
 PSYoungGen      total 64000K, used 63991K [0x00000000eab00000, 0x00000000f3900000, 0x0000000100000000)
  eden space 61440K, 100% used [0x00000000eab00000,0x00000000ee700000,0x00000000ee700000)
  from space 2560K, 99% used [0x00000000ee700000,0x00000000ee97dcd0,0x00000000ee980000)
  to   space 11264K, 0% used [0x00000000f2e00000,0x00000000f2e00000,0x00000000f3900000)
 ParOldGen       total 40960K, used 20939K [0x00000000c0000000, 0x00000000c2800000, 0x00000000eab00000)
  object space 40960K, 51% used [0x00000000c0000000,0x00000000c1472d88,0x00000000c2800000)
 Metaspace       used 7285K, capacity 7582K, committed 7808K, reserved 1056768K
  class space    used 747K, capacity 785K, committed 896K, reserved 1048576K
Event: 2.026 GC heap after
Heap after GC invocations=6 (full 0):
 PSYoungGen      total 133120K, used 9423K [0x00000000eab00000, 0x00000000f3b00000, 0x0000000100000000)
  eden space 121856K, 0% used [0x00000000eab00000,0x00000000eab00000,0x00000000f2200000)
  from space 11264K, 83% used [0x00000000f2e00000,0x00000000f3733c50,0x00000000f3900000)
  to   space 12288K, 0% used [0x00000000f2200000,0x00000000f2200000,0x00000000f2e00000)
 ParOldGen       total 40960K, used 31465K [0x00000000c0000000, 0x00000000c2800000, 0x00000000eab00000)
  object space 40960K, 76% used [0x00000000c0000000,0x00000000c1eba4d8,0x00000000c2800000)
 Metaspace       used 7285K, capacity 7582K, committed 7808K, reserved 1056768K
  class space    used 747K, capacity 785K, committed 896K, reserved 1048576K
}
Event: 2.026 GC heap before
{Heap before GC invocations=7 (full 1):
 PSYoungGen      total 133120K, used 9423K [0x00000000eab00000, 0x00000000f3b00000, 0x0000000100000000)
  eden space 121856K, 0% used [0x00000000eab00000,0x00000000eab00000,0x00000000f2200000)
  from space 11264K, 83% used [0x00000000f2e00000,0x00000000f3733c50,0x00000000f3900000)
  to   space 12288K, 0% used [0x00000000f2200000,0x00000000f2200000,0x00000000f2e00000)
 ParOldGen       total 40960K, used 31465K [0x00000000c0000000, 0x00000000c2800000, 0x00000000eab00000)
  object space 40960K, 76% used [0x00000000c0000000,0x00000000c1eba4d8,0x00000000c2800000)
 Metaspace       used 7285K, capacity 7582K, committed 7808K, reserved 1056768K
  class space    used 747K, capacity 785K, committed 896K, reserved 1048576K
Event: 2.052 GC heap after
Heap after GC invocations=7 (full 1):
 PSYoungGen      total 133120K, used 0K [0x00000000eab00000, 0x00000000f3b00000, 0x0000000100000000)
  eden space 121856K, 0% used [0x00000000eab00000,0x00000000eab00000,0x00000000f2200000)
  from space 11264K, 0% used [0x00000000f2e00000,0x00000000f2e00000,0x00000000f3900000)
  to   space 12288K, 0% used [0x00000000f2200000,0x00000000f2200000,0x00000000f2e00000)
 ParOldGen       total 45568K, used 15874K [0x00000000c0000000, 0x00000000c2c80000, 0x00000000eab00000)
  object space 45568K, 34% used [0x00000000c0000000,0x00000000c0f80bb8,0x00000000c2c80000)
 Metaspace       used 7285K, capacity 7582K, committed 7808K, reserved 1056768K
  class space    used 747K, capacity 785K, committed 896K, reserved 1048576K
}
Event: 2.579 GC heap before
{Heap before GC invocations=8 (full 1):
 PSYoungGen      total 133120K, used 121856K [0x00000000eab00000, 0x00000000f3b00000, 0x0000000100000000)
  eden space 121856K, 100% used [0x00000000eab00000,0x00000000f2200000,0x00000000f2200000)
  from space 11264K, 0% used [0x00000000f2e00000,0x00000000f2e00000,0x00000000f3900000)
  to   space 12288K, 0% used [0x00000000f2200000,0x00000000f2200000,0x00000000f2e00000)
 ParOldGen       total 45568K, used 15874K [0x00000000c0000000, 0x00000000c2c80000, 0x00000000eab00000)
  object space 45568K, 34% used [0x00000000c0000000,0x00000000c0f80bb8,0x00000000c2c80000)
 Metaspace       used 7300K, capacity 7582K, committed 7808K, reserved 1056768K
  class space    used 747K, capacity 785K, committed 896K, reserved 1048576K
Event: 2.587 GC heap after
Heap after GC invocations=8 (full 1):
 PSYoungGen      total 134144K, used 12034K [0x00000000eab00000, 0x00000000f9d00000, 0x0000000100000000)
  eden space 121856K, 0% used [0x00000000eab00000,0x00000000eab00000,0x00000000f2200000)
  from space 12288K, 97% used [0x00000000f2200000,0x00000000f2dc0940,0x00000000f2e00000)
  to   space 13824K, 0% used [0x00000000f8f80000,0x00000000f8f80000,0x00000000f9d00000)
 ParOldGen       total 45568K, used 19369K [0x00000000c0000000, 0x00000000c2c80000, 0x00000000eab00000)
  object space 45568K, 42% used [0x00000000c0000000,0x00000000c12ea5b0,0x00000000c2c80000)
 Metaspace       used 7300K, capacity 7582K, committed 7808K, reserved 1056768K
  class space    used 747K, capacity 785K, committed 896K, reserved 1048576K
}
Event: 2.858 GC heap before
{Heap before GC invocations=9 (full 1):
 PSYoungGen      total 134144K, used 133890K [0x00000000eab00000, 0x00000000f9d00000, 0x0000000100000000)
  eden space 121856K, 100% used [0x00000000eab00000,0x00000000f2200000,0x00000000f2200000)
  from space 12288K, 97% used [0x00000000f2200000,0x00000000f2dc0940,0x00000000f2e00000)
  to   space 13824K, 0% used [0x00000000f8f80000,0x00000000f8f80000,0x00000000f9d00000)
 ParOldGen       total 45568K, used 19369K [0x00000000c0000000, 0x00000000c2c80000, 0x00000000eab00000)
  object space 45568K, 42% used [0x00000000c0000000,0x00000000c12ea5b0,0x00000000c2c80000)
 Metaspace       used 7303K, capacity 7582K, committed 7808K, reserved 1056768K
  class space    used 747K, capacity 785K, committed 896K, reserved 1048576K
Event: 2.963 GC heap after
Heap after GC invocations=9 (full 1):
 PSYoungGen      total 229376K, used 13804K [0x00000000eab00000, 0x00000000fb080000, 0x0000000100000000)
  eden space 215552K, 0% used [0x00000000eab00000,0x00000000eab00000,0x00000000f7d80000)
  from space 13824K, 99% used [0x00000000f8f80000,0x00000000f9cfb138,0x00000000f9d00000)
  to   space 18432K, 0% used [0x00000000f7d80000,0x00000000f7d80000,0x00000000f8f80000)
 ParOldGen       total 45568K, used 25366K [0x00000000c0000000, 0x00000000c2c80000, 0x00000000eab00000)
  object space 45568K, 55% used [0x00000000c0000000,0x00000000c18c5ab8,0x00000000c2c80000)
 Metaspace       used 7303K, capacity 7582K, committed 7808K, reserved 1056768K
  class space    used 747K, capacity 785K, committed 896K, reserved 1048576K
}
Event: 3.442 GC heap before
{Heap before GC invocations=10 (full 1):
 PSYoungGen      total 229376K, used 229356K [0x00000000eab00000, 0x00000000fb080000, 0x0000000100000000)
  eden space 215552K, 100% used [0x00000000eab00000,0x00000000f7d80000,0x00000000f7d80000)
  from space 13824K, 99% used [0x00000000f8f80000,0x00000000f9cfb138,0x00000000f9d00000)
  to   space 18432K, 0% used [0x00000000f7d80000,0x00000000f7d80000,0x00000000f8f80000)
 ParOldGen       total 45568K, used 25366K [0x00000000c0000000, 0x00000000c2c80000, 0x00000000eab00000)
  object space 45568K, 55% used [0x00000000c0000000,0x00000000c18c5ab8,0x00000000c2c80000)
 Metaspace       used 7314K, capacity 7582K, committed 7808K, reserved 1056768K
  class space    used 747K, capacity 785K, committed 896K, reserved 1048576K

